{"/home/erokez/Desktop/code/ithub/testing/validate-password/src/index.ts": {"path":"/home/erokez/Desktop/code/ithub/testing/validate-password/src/index.ts","all":false,"statementMap":{"0":{"start":{"line":1,"column":0},"end":{"line":1,"column":72}},"1":{"start":{"line":2,"column":0},"end":{"line":2,"column":52}},"2":{"start":{"line":3,"column":0},"end":{"line":3,"column":67}},"3":{"start":{"line":4,"column":0},"end":{"line":4,"column":49}},"4":{"start":{"line":5,"column":0},"end":{"line":5,"column":72}},"5":{"start":{"line":6,"column":0},"end":{"line":6,"column":66}},"6":{"start":{"line":7,"column":0},"end":{"line":7,"column":0}},"7":{"start":{"line":8,"column":0},"end":{"line":8,"column":70}},"8":{"start":{"line":9,"column":0},"end":{"line":9,"column":43}},"9":{"start":{"line":10,"column":0},"end":{"line":10,"column":0}},"10":{"start":{"line":11,"column":0},"end":{"line":11,"column":42}},"11":{"start":{"line":12,"column":0},"end":{"line":12,"column":51}},"12":{"start":{"line":13,"column":0},"end":{"line":13,"column":51}},"13":{"start":{"line":14,"column":0},"end":{"line":14,"column":49}},"14":{"start":{"line":15,"column":0},"end":{"line":15,"column":40}},"15":{"start":{"line":16,"column":0},"end":{"line":16,"column":0}},"16":{"start":{"line":17,"column":0},"end":{"line":17,"column":62}},"17":{"start":{"line":18,"column":0},"end":{"line":18,"column":16}},"18":{"start":{"line":19,"column":0},"end":{"line":19,"column":54}},"19":{"start":{"line":20,"column":0},"end":{"line":20,"column":53}},"20":{"start":{"line":21,"column":0},"end":{"line":21,"column":9}},"21":{"start":{"line":22,"column":0},"end":{"line":22,"column":8}},"22":{"start":{"line":23,"column":0},"end":{"line":23,"column":22}},"23":{"start":{"line":24,"column":0},"end":{"line":24,"column":18}},"24":{"start":{"line":25,"column":0},"end":{"line":25,"column":27}},"25":{"start":{"line":26,"column":0},"end":{"line":26,"column":0}},"26":{"start":{"line":27,"column":0},"end":{"line":27,"column":24}},"27":{"start":{"line":28,"column":0},"end":{"line":28,"column":1}}},"s":{"0":1,"1":1,"2":1,"3":1,"4":1,"5":1,"6":1,"7":30,"8":30,"9":30,"10":30,"11":30,"12":30,"13":30,"14":30,"15":30,"16":30,"17":150,"18":150,"19":150,"20":150,"21":30,"22":30,"23":30,"24":30,"25":30,"26":30,"27":30},"branchMap":{"0":{"type":"branch","line":8,"loc":{"start":{"line":8,"column":0},"end":{"line":28,"column":1}},"locations":[{"start":{"line":8,"column":0},"end":{"line":28,"column":1}}]},"1":{"type":"branch","line":17,"loc":{"start":{"line":17,"column":41},"end":{"line":22,"column":5}},"locations":[{"start":{"line":17,"column":41},"end":{"line":22,"column":5}}]},"2":{"type":"branch","line":19,"loc":{"start":{"line":19,"column":35},"end":{"line":19,"column":53}},"locations":[{"start":{"line":19,"column":35},"end":{"line":19,"column":53}}]}},"b":{"0":[30],"1":[150],"2":[139]},"fnMap":{"0":{"name":"ValidatePassword","decl":{"start":{"line":8,"column":0},"end":{"line":28,"column":1}},"loc":{"start":{"line":8,"column":0},"end":{"line":28,"column":1}},"line":8},"1":{"name":"ValidatePassword.results.reduce.Success","decl":{"start":{"line":17,"column":41},"end":{"line":22,"column":5}},"loc":{"start":{"line":17,"column":41},"end":{"line":22,"column":5}},"line":17}},"f":{"0":30,"1":150}}
,"/home/erokez/Desktop/code/ithub/testing/validate-password/src/checkers/has-length.ts": {"path":"/home/erokez/Desktop/code/ithub/testing/validate-password/src/checkers/has-length.ts","all":false,"statementMap":{"0":{"start":{"line":1,"column":0},"end":{"line":1,"column":49}},"1":{"start":{"line":2,"column":0},"end":{"line":2,"column":0}},"2":{"start":{"line":3,"column":0},"end":{"line":3,"column":76}},"3":{"start":{"line":4,"column":0},"end":{"line":4,"column":30}},"4":{"start":{"line":5,"column":0},"end":{"line":5,"column":0}},"5":{"start":{"line":6,"column":0},"end":{"line":6,"column":41}},"6":{"start":{"line":7,"column":0},"end":{"line":7,"column":30}},"7":{"start":{"line":8,"column":0},"end":{"line":8,"column":73}},"8":{"start":{"line":9,"column":0},"end":{"line":9,"column":0}},"9":{"start":{"line":10,"column":0},"end":{"line":10,"column":38}},"10":{"start":{"line":11,"column":0},"end":{"line":11,"column":25}},"11":{"start":{"line":12,"column":0},"end":{"line":12,"column":38}},"12":{"start":{"line":13,"column":0},"end":{"line":13,"column":6}},"13":{"start":{"line":14,"column":0},"end":{"line":14,"column":0}},"14":{"start":{"line":15,"column":0},"end":{"line":15,"column":18}},"15":{"start":{"line":16,"column":0},"end":{"line":16,"column":1}}},"s":{"0":1,"1":1,"2":30,"3":30,"4":30,"5":30,"6":30,"7":30,"8":30,"9":30,"10":30,"11":30,"12":30,"13":30,"14":30,"15":30},"branchMap":{"0":{"type":"branch","line":3,"loc":{"start":{"line":3,"column":0},"end":{"line":16,"column":1}},"locations":[{"start":{"line":3,"column":0},"end":{"line":16,"column":1}}]},"1":{"type":"branch","line":7,"loc":{"start":{"line":7,"column":26},"end":{"line":7,"column":30}},"locations":[{"start":{"line":7,"column":26},"end":{"line":7,"column":30}}]},"2":{"type":"branch","line":8,"loc":{"start":{"line":8,"column":8},"end":{"line":8,"column":72}},"locations":[{"start":{"line":8,"column":8},"end":{"line":8,"column":72}}]},"3":{"type":"branch","line":12,"loc":{"start":{"line":12,"column":23},"end":{"line":12,"column":32}},"locations":[{"start":{"line":12,"column":23},"end":{"line":12,"column":32}}]},"4":{"type":"branch","line":12,"loc":{"start":{"line":12,"column":33},"end":{"line":12,"column":37}},"locations":[{"start":{"line":12,"column":33},"end":{"line":12,"column":37}}]}},"b":{"0":[30],"1":[27],"2":[3],"3":[3],"4":[27]},"fnMap":{"0":{"name":"hasLegth","decl":{"start":{"line":3,"column":0},"end":{"line":16,"column":1}},"loc":{"start":{"line":3,"column":0},"end":{"line":16,"column":1}},"line":3}},"f":{"0":30}}
,"/home/erokez/Desktop/code/ithub/testing/validate-password/src/checkers/has-lower-case-letters.ts": {"path":"/home/erokez/Desktop/code/ithub/testing/validate-password/src/checkers/has-lower-case-letters.ts","all":false,"statementMap":{"0":{"start":{"line":1,"column":0},"end":{"line":1,"column":49}},"1":{"start":{"line":2,"column":0},"end":{"line":2,"column":39}},"2":{"start":{"line":3,"column":0},"end":{"line":3,"column":0}},"3":{"start":{"line":4,"column":0},"end":{"line":4,"column":90}},"4":{"start":{"line":5,"column":0},"end":{"line":5,"column":68}},"5":{"start":{"line":6,"column":0},"end":{"line":6,"column":1}}},"s":{"0":1,"1":1,"2":1,"3":30,"4":30,"5":30},"branchMap":{"0":{"type":"branch","line":4,"loc":{"start":{"line":4,"column":0},"end":{"line":6,"column":1}},"locations":[{"start":{"line":4,"column":0},"end":{"line":6,"column":1}}]}},"b":{"0":[30]},"fnMap":{"0":{"name":"hasLowerCaseLetters","decl":{"start":{"line":4,"column":0},"end":{"line":6,"column":1}},"loc":{"start":{"line":4,"column":0},"end":{"line":6,"column":1}},"line":4}},"f":{"0":30}}
,"/home/erokez/Desktop/code/ithub/testing/validate-password/src/checkers/has-numbers.ts": {"path":"/home/erokez/Desktop/code/ithub/testing/validate-password/src/checkers/has-numbers.ts","all":false,"statementMap":{"0":{"start":{"line":1,"column":0},"end":{"line":1,"column":49}},"1":{"start":{"line":2,"column":0},"end":{"line":2,"column":39}},"2":{"start":{"line":3,"column":0},"end":{"line":3,"column":0}},"3":{"start":{"line":4,"column":0},"end":{"line":4,"column":81}},"4":{"start":{"line":5,"column":0},"end":{"line":5,"column":57}},"5":{"start":{"line":6,"column":0},"end":{"line":6,"column":1}}},"s":{"0":1,"1":1,"2":1,"3":30,"4":30,"5":30},"branchMap":{"0":{"type":"branch","line":4,"loc":{"start":{"line":4,"column":0},"end":{"line":6,"column":1}},"locations":[{"start":{"line":4,"column":0},"end":{"line":6,"column":1}}]}},"b":{"0":[30]},"fnMap":{"0":{"name":"hasNumbers","decl":{"start":{"line":4,"column":0},"end":{"line":6,"column":1}},"loc":{"start":{"line":4,"column":0},"end":{"line":6,"column":1}},"line":4}},"f":{"0":30}}
,"/home/erokez/Desktop/code/ithub/testing/validate-password/src/checkers/has-regex.ts": {"path":"/home/erokez/Desktop/code/ithub/testing/validate-password/src/checkers/has-regex.ts","all":false,"statementMap":{"0":{"start":{"line":1,"column":0},"end":{"line":1,"column":49}},"1":{"start":{"line":2,"column":0},"end":{"line":2,"column":0}},"2":{"start":{"line":3,"column":0},"end":{"line":3,"column":3}},"3":{"start":{"line":4,"column":0},"end":{"line":4,"column":33}},"4":{"start":{"line":5,"column":0},"end":{"line":5,"column":16}},"5":{"start":{"line":6,"column":0},"end":{"line":6,"column":80}},"6":{"start":{"line":7,"column":0},"end":{"line":7,"column":23}},"7":{"start":{"line":8,"column":0},"end":{"line":8,"column":50}},"8":{"start":{"line":9,"column":0},"end":{"line":9,"column":3}},"9":{"start":{"line":10,"column":0},"end":{"line":10,"column":124}},"10":{"start":{"line":11,"column":0},"end":{"line":11,"column":52}},"11":{"start":{"line":12,"column":0},"end":{"line":12,"column":0}},"12":{"start":{"line":13,"column":0},"end":{"line":13,"column":46}},"13":{"start":{"line":14,"column":0},"end":{"line":14,"column":30}},"14":{"start":{"line":15,"column":0},"end":{"line":15,"column":129}},"15":{"start":{"line":16,"column":0},"end":{"line":16,"column":0}},"16":{"start":{"line":17,"column":0},"end":{"line":17,"column":38}},"17":{"start":{"line":18,"column":0},"end":{"line":18,"column":25}},"18":{"start":{"line":19,"column":0},"end":{"line":19,"column":38}},"19":{"start":{"line":20,"column":0},"end":{"line":20,"column":6}},"20":{"start":{"line":21,"column":0},"end":{"line":21,"column":0}},"21":{"start":{"line":22,"column":0},"end":{"line":22,"column":18}},"22":{"start":{"line":23,"column":0},"end":{"line":23,"column":2}}},"s":{"0":1,"1":1,"2":1,"3":1,"4":1,"5":1,"6":1,"7":1,"8":1,"9":90,"10":90,"11":90,"12":90,"13":90,"14":90,"15":90,"16":90,"17":90,"18":90,"19":90,"20":90,"21":90,"22":90},"branchMap":{"0":{"type":"branch","line":10,"loc":{"start":{"line":10,"column":0},"end":{"line":23,"column":2}},"locations":[{"start":{"line":10,"column":0},"end":{"line":23,"column":2}}]},"1":{"type":"branch","line":11,"loc":{"start":{"line":11,"column":38},"end":{"line":11,"column":46}},"locations":[{"start":{"line":11,"column":38},"end":{"line":11,"column":46}}]},"2":{"type":"branch","line":11,"loc":{"start":{"line":11,"column":46},"end":{"line":11,"column":51}},"locations":[{"start":{"line":11,"column":46},"end":{"line":11,"column":51}}]},"3":{"type":"branch","line":14,"loc":{"start":{"line":14,"column":26},"end":{"line":14,"column":30}},"locations":[{"start":{"line":14,"column":26},"end":{"line":14,"column":30}}]},"4":{"type":"branch","line":15,"loc":{"start":{"line":15,"column":8},"end":{"line":15,"column":128}},"locations":[{"start":{"line":15,"column":8},"end":{"line":15,"column":128}}]},"5":{"type":"branch","line":19,"loc":{"start":{"line":19,"column":23},"end":{"line":19,"column":32}},"locations":[{"start":{"line":19,"column":23},"end":{"line":19,"column":32}}]},"6":{"type":"branch","line":19,"loc":{"start":{"line":19,"column":33},"end":{"line":19,"column":37}},"locations":[{"start":{"line":19,"column":33},"end":{"line":19,"column":37}}]}},"b":{"0":[90],"1":[87],"2":[3],"3":[87],"4":[3],"5":[3],"6":[87]},"fnMap":{"0":{"name":"hasRegex","decl":{"start":{"line":10,"column":0},"end":{"line":23,"column":2}},"loc":{"start":{"line":10,"column":0},"end":{"line":23,"column":2}},"line":10}},"f":{"0":90}}
,"/home/erokez/Desktop/code/ithub/testing/validate-password/src/checkers/has-special-symbols.ts": {"path":"/home/erokez/Desktop/code/ithub/testing/validate-password/src/checkers/has-special-symbols.ts","all":false,"statementMap":{"0":{"start":{"line":1,"column":0},"end":{"line":1,"column":49}},"1":{"start":{"line":2,"column":0},"end":{"line":2,"column":0}},"2":{"start":{"line":3,"column":0},"end":{"line":3,"column":42}},"3":{"start":{"line":4,"column":0},"end":{"line":4,"column":33}},"4":{"start":{"line":5,"column":0},"end":{"line":5,"column":21}},"5":{"start":{"line":6,"column":0},"end":{"line":6,"column":15}},"6":{"start":{"line":7,"column":0},"end":{"line":7,"column":43}},"7":{"start":{"line":8,"column":0},"end":{"line":8,"column":33}},"8":{"start":{"line":9,"column":0},"end":{"line":9,"column":33}},"9":{"start":{"line":10,"column":0},"end":{"line":10,"column":3}},"10":{"start":{"line":11,"column":0},"end":{"line":11,"column":0}},"11":{"start":{"line":12,"column":0},"end":{"line":12,"column":88}},"12":{"start":{"line":13,"column":0},"end":{"line":13,"column":59}},"13":{"start":{"line":14,"column":0},"end":{"line":14,"column":40}},"14":{"start":{"line":15,"column":0},"end":{"line":15,"column":27}},"15":{"start":{"line":16,"column":0},"end":{"line":16,"column":9}},"16":{"start":{"line":17,"column":0},"end":{"line":17,"column":19}},"17":{"start":{"line":18,"column":0},"end":{"line":18,"column":10}},"18":{"start":{"line":19,"column":0},"end":{"line":19,"column":0}},"19":{"start":{"line":20,"column":0},"end":{"line":20,"column":46}},"20":{"start":{"line":21,"column":0},"end":{"line":21,"column":31}},"21":{"start":{"line":22,"column":0},"end":{"line":22,"column":129}},"22":{"start":{"line":23,"column":0},"end":{"line":23,"column":0}},"23":{"start":{"line":24,"column":0},"end":{"line":24,"column":38}},"24":{"start":{"line":25,"column":0},"end":{"line":25,"column":23}},"25":{"start":{"line":26,"column":0},"end":{"line":26,"column":36}},"26":{"start":{"line":27,"column":0},"end":{"line":27,"column":6}},"27":{"start":{"line":28,"column":0},"end":{"line":28,"column":0}},"28":{"start":{"line":29,"column":0},"end":{"line":29,"column":18}},"29":{"start":{"line":30,"column":0},"end":{"line":30,"column":1}}},"s":{"0":1,"1":1,"2":1,"3":1,"4":1,"5":1,"6":1,"7":1,"8":1,"9":1,"10":1,"11":30,"12":30,"13":262,"14":69,"15":69,"16":193,"17":30,"18":30,"19":30,"20":30,"21":30,"22":30,"23":30,"24":30,"25":30,"26":30,"27":30,"28":30,"29":30},"branchMap":{"0":{"type":"branch","line":12,"loc":{"start":{"line":12,"column":0},"end":{"line":30,"column":1}},"locations":[{"start":{"line":12,"column":0},"end":{"line":30,"column":1}}]},"1":{"type":"branch","line":21,"loc":{"start":{"line":21,"column":26},"end":{"line":21,"column":30}},"locations":[{"start":{"line":21,"column":26},"end":{"line":21,"column":30}}]},"2":{"type":"branch","line":22,"loc":{"start":{"line":22,"column":6},"end":{"line":22,"column":128}},"locations":[{"start":{"line":22,"column":6},"end":{"line":22,"column":128}}]},"3":{"type":"branch","line":26,"loc":{"start":{"line":26,"column":21},"end":{"line":26,"column":30}},"locations":[{"start":{"line":26,"column":21},"end":{"line":26,"column":30}}]},"4":{"type":"branch","line":26,"loc":{"start":{"line":26,"column":31},"end":{"line":26,"column":35}},"locations":[{"start":{"line":26,"column":31},"end":{"line":26,"column":35}}]},"5":{"type":"branch","line":13,"loc":{"start":{"line":13,"column":44},"end":{"line":18,"column":5}},"locations":[{"start":{"line":13,"column":44},"end":{"line":18,"column":5}}]},"6":{"type":"branch","line":14,"loc":{"start":{"line":14,"column":39},"end":{"line":16,"column":9}},"locations":[{"start":{"line":14,"column":39},"end":{"line":16,"column":9}}]},"7":{"type":"branch","line":17,"loc":{"start":{"line":17,"column":-1},"end":{"line":18,"column":5}},"locations":[{"start":{"line":17,"column":-1},"end":{"line":18,"column":5}}]}},"b":{"0":[30],"1":[28],"2":[2],"3":[2],"4":[28],"5":[262],"6":[69],"7":[193]},"fnMap":{"0":{"name":"hasSpecialSymbols","decl":{"start":{"line":12,"column":0},"end":{"line":30,"column":1}},"loc":{"start":{"line":12,"column":0},"end":{"line":30,"column":1}},"line":12}},"f":{"0":30}}
,"/home/erokez/Desktop/code/ithub/testing/validate-password/src/checkers/has-upper-case-letters.ts": {"path":"/home/erokez/Desktop/code/ithub/testing/validate-password/src/checkers/has-upper-case-letters.ts","all":false,"statementMap":{"0":{"start":{"line":1,"column":0},"end":{"line":1,"column":49}},"1":{"start":{"line":2,"column":0},"end":{"line":2,"column":39}},"2":{"start":{"line":3,"column":0},"end":{"line":3,"column":0}},"3":{"start":{"line":4,"column":0},"end":{"line":4,"column":90}},"4":{"start":{"line":5,"column":0},"end":{"line":5,"column":70}},"5":{"start":{"line":6,"column":0},"end":{"line":6,"column":1}}},"s":{"0":1,"1":1,"2":1,"3":30,"4":30,"5":30},"branchMap":{"0":{"type":"branch","line":4,"loc":{"start":{"line":4,"column":0},"end":{"line":6,"column":1}},"locations":[{"start":{"line":4,"column":0},"end":{"line":6,"column":1}}]}},"b":{"0":[30]},"fnMap":{"0":{"name":"hasUpperCaseLetters","decl":{"start":{"line":4,"column":0},"end":{"line":6,"column":1}},"loc":{"start":{"line":4,"column":0},"end":{"line":6,"column":1}},"line":4}},"f":{"0":30}}
}
