TN:
SF:src/index.ts
FN:8,ValidatePassword
FN:17,ValidatePassword.results.reduce.Success
FNF:2
FNH:2
FNDA:30,ValidatePassword
FNDA:150,ValidatePassword.results.reduce.Success
DA:1,1
DA:2,1
DA:3,1
DA:4,1
DA:5,1
DA:6,1
DA:7,1
DA:8,30
DA:9,30
DA:10,30
DA:11,30
DA:12,30
DA:13,30
DA:14,30
DA:15,30
DA:16,30
DA:17,30
DA:18,150
DA:19,150
DA:20,150
DA:21,150
DA:22,30
DA:23,30
DA:24,30
DA:25,30
DA:26,30
DA:27,30
DA:28,30
LF:28
LH:28
BRDA:8,0,0,30
BRDA:17,1,0,150
BRDA:19,2,0,139
BRF:3
BRH:3
end_of_record
TN:
SF:src/checkers/has-length.ts
FN:3,hasLegth
FNF:1
FNH:1
FNDA:30,hasLegth
DA:1,1
DA:2,1
DA:3,30
DA:4,30
DA:5,30
DA:6,30
DA:7,30
DA:8,30
DA:9,30
DA:10,30
DA:11,30
DA:12,30
DA:13,30
DA:14,30
DA:15,30
DA:16,30
LF:16
LH:16
BRDA:3,0,0,30
BRDA:7,1,0,27
BRDA:8,2,0,3
BRDA:12,3,0,3
BRDA:12,4,0,27
BRF:5
BRH:5
end_of_record
TN:
SF:src/checkers/has-lower-case-letters.ts
FN:4,hasLowerCaseLetters
FNF:1
FNH:1
FNDA:30,hasLowerCaseLetters
DA:1,1
DA:2,1
DA:3,1
DA:4,30
DA:5,30
DA:6,30
LF:6
LH:6
BRDA:4,0,0,30
BRF:1
BRH:1
end_of_record
TN:
SF:src/checkers/has-numbers.ts
FN:4,hasNumbers
FNF:1
FNH:1
FNDA:30,hasNumbers
DA:1,1
DA:2,1
DA:3,1
DA:4,30
DA:5,30
DA:6,30
LF:6
LH:6
BRDA:4,0,0,30
BRF:1
BRH:1
end_of_record
TN:
SF:src/checkers/has-regex.ts
FN:10,hasRegex
FNF:1
FNH:1
FNDA:90,hasRegex
DA:1,1
DA:2,1
DA:3,1
DA:4,1
DA:5,1
DA:6,1
DA:7,1
DA:8,1
DA:9,1
DA:10,90
DA:11,90
DA:12,90
DA:13,90
DA:14,90
DA:15,90
DA:16,90
DA:17,90
DA:18,90
DA:19,90
DA:20,90
DA:21,90
DA:22,90
DA:23,90
LF:23
LH:23
BRDA:10,0,0,90
BRDA:11,1,0,87
BRDA:11,2,0,3
BRDA:14,3,0,87
BRDA:15,4,0,3
BRDA:19,5,0,3
BRDA:19,6,0,87
BRF:7
BRH:7
end_of_record
TN:
SF:src/checkers/has-special-symbols.ts
FN:12,hasSpecialSymbols
FNF:1
FNH:1
FNDA:30,hasSpecialSymbols
DA:1,1
DA:2,1
DA:3,1
DA:4,1
DA:5,1
DA:6,1
DA:7,1
DA:8,1
DA:9,1
DA:10,1
DA:11,1
DA:12,30
DA:13,30
DA:14,262
DA:15,69
DA:16,69
DA:17,193
DA:18,30
DA:19,30
DA:20,30
DA:21,30
DA:22,30
DA:23,30
DA:24,30
DA:25,30
DA:26,30
DA:27,30
DA:28,30
DA:29,30
DA:30,30
LF:30
LH:30
BRDA:12,0,0,30
BRDA:21,1,0,28
BRDA:22,2,0,2
BRDA:26,3,0,2
BRDA:26,4,0,28
BRDA:13,5,0,262
BRDA:14,6,0,69
BRDA:17,7,0,193
BRF:8
BRH:8
end_of_record
TN:
SF:src/checkers/has-upper-case-letters.ts
FN:4,hasUpperCaseLetters
FNF:1
FNH:1
FNDA:30,hasUpperCaseLetters
DA:1,1
DA:2,1
DA:3,1
DA:4,30
DA:5,30
DA:6,30
LF:6
LH:6
BRDA:4,0,0,30
BRF:1
BRH:1
end_of_record
